[21:10:00.046][INFO][CraftTweaker-EarlyInit]: CraftTweaker is running on a Minecraft 1.20.1 production client modded with platform Forge
[21:10:00.113][INFO][CraftTweaker-EarlyInit]: Successfully injected RecipeFS file system
[21:10:00.439][INFO][CraftTweaker-Plugins]: Successfully identified and loaded plugin crafttweaker:builtin
[21:10:00.451][INFO][CraftTweaker-Plugins]: Successfully identified and loaded plugin crafttweaker:builtin_forge
[21:10:00.474][INFO][CraftTweaker-Plugins]: Successfully identified and loaded plugin farmersdelight:crafttweaker_plugin
[21:10:04.073][INFO][CraftTweaker]: The following mods have explicit CraftTweaker support through the default plugin:
[21:10:04.077][INFO][CraftTweaker]: - 'aether' at version '1.20.1-1.5.2-neoforge'
[21:10:04.077][INFO][CraftTweaker]: - 'crafttweaker' at version '14.0.57'
[21:10:04.077][INFO][CraftTweaker]: - 'farmersdelight' at version '1.20.1-1.2.7'
[21:10:04.077][INFO][CraftTweaker]: - 'gamestages' at version '15.0.2'
[21:10:04.077][INFO][CraftTweaker]: - 'gateways' at version '4.2.6'
[21:10:04.077][INFO][CraftTweaker]: - 'itemstages' at version '8.0.3'
[21:10:04.077][INFO][CraftTweaker]: - 'sdm_orestages' at version '1.20.1-0.5.1'
[21:10:04.077][INFO][CraftTweaker]: - 'sdmmobstages' at version '1.20.1-1.0.1'
[21:10:15.109][INFO][CraftTweaker-ZenCode]: Started loading scripts for loader 'initialize'
[21:10:16.111][INFO][CraftTweaker-ZenCode]: Compiling and executing scripts
[21:10:16.232][INFO][CraftTweaker-ZenCode]: Successfully initialized modules [crafttweaker, expansions]
[21:10:16.541][INFO][CraftTweaker-ZenCode]: Execution for loader 'initialize' completed successfully
[21:14:40.145][INFO][CraftTweaker-ZenCode]: Started loading scripts for loader 'tags'
[21:14:40.159][INFO][CraftTweaker-ZenCode]: Compiling and executing scripts
[21:14:40.175][INFO][CraftTweaker-ZenCode]: Successfully initialized modules [crafttweaker, expansions]
[21:14:40.182][INFO][CraftTweaker-ZenCode]: Execution for loader 'tags' completed successfully
[21:14:41.297][INFO][CraftTweaker]: CraftTweaker reload starting!
[21:14:41.302][INFO][CraftTweaker-ZenCode]: Started loading scripts for loader 'crafttweaker'
[21:14:41.317][INFO][CraftTweaker-ZenCode]: Compiling and executing scripts
[21:14:41.726][INFO][CraftTweaker-ZenCode]: Successfully initialized modules [mods, crafttweaker, expansions]
[21:14:41.732][INFO][CraftTweaker-ZenCode]: Execution for loader 'crafttweaker' completed successfully
[21:14:41.736][INFO][CraftTweaker]: CraftTweaker reload complete!
[21:26:56.186][INFO][CraftTweaker-ZenCode]: Started loading scripts for loader 'tags'
[21:26:56.186][INFO][CraftTweaker-ZenCode]: Undoing previous actions
[21:26:56.196][INFO][CraftTweaker-ZenCode]: Compiling and executing scripts
[21:26:56.198][INFO][CraftTweaker-ZenCode]: Successfully initialized modules [crafttweaker, expansions]
[21:26:56.203][INFO][CraftTweaker-ZenCode]: Execution for loader 'tags' completed successfully
[21:26:56.712][INFO][CraftTweaker]: CraftTweaker reload starting!
[21:26:56.713][INFO][CraftTweaker-ZenCode]: Started loading scripts for loader 'crafttweaker'
[21:26:56.713][INFO][CraftTweaker-ZenCode]: Undoing previous actions
[21:26:56.728][INFO][CraftTweaker-ZenCode]: Compiling and executing scripts
[21:26:56.830][INFO][CraftTweaker-ZenCode]: Successfully initialized modules [mods, crafttweaker, expansions]
[21:26:56.836][INFO][CraftTweaker-ZenCode]: Execution for loader 'crafttweaker' completed successfully
[21:26:56.836][INFO][CraftTweaker]: CraftTweaker reload complete!
